[2026-03-09 20:25:59,368: INFO: main: welcome to the project]
[2026-03-09 20:26:37,124: INFO: main: welcome to the project]
[2026-03-09 20:27:01,806: INFO: main: welcome to the project]
[2026-03-31 00:11:04,976: INFO: common: yaml file: config\config.yaml loaded successfully]
[2026-03-31 00:11:05,061: INFO: common: yaml file: params.yaml loaded successfully]
[2026-03-31 00:14:54,326: INFO: common: yaml file: config\config.yaml loaded successfully]
[2026-03-31 00:14:54,372: INFO: common: yaml file: params.yaml loaded successfully]
[2026-03-31 00:16:57,817: INFO: common: yaml file: config\config.yaml loaded successfully]
[2026-03-31 00:16:57,894: INFO: common: yaml file: params.yaml loaded successfully]
[2026-03-31 00:16:57,972: INFO: common: yaml file: schema.yaml loaded successfully]
[2026-03-31 00:16:57,985: INFO: common: created directory at: artifacts]
[2026-03-31 00:16:57,998: INFO: common: created directory at: artifacts/data_ingestion]
[2026-03-31 00:16:59,609: INFO: 4064622679: artifacts/data_ingestion/data.zip download! with following info: 
Connection: close
Content-Length: 27580
Cache-Control: max-age=300
Content-Security-Policy: default-src 'none'; style-src 'unsafe-inline'; sandbox
Content-Type: application/zip
ETag: "57f3c581dbcce7ccae1cac8bf1560acfd4eac8e29a1751720af06d57565223f2"
Strict-Transport-Security: max-age=31536000
X-Content-Type-Options: nosniff
X-Frame-Options: deny
X-XSS-Protection: 1; mode=block
X-GitHub-Request-Id: EE4E:222BDD:235B:4311:69CAC523
Accept-Ranges: bytes
Date: Mon, 30 Mar 2026 18:47:00 GMT
Via: 1.1 varnish
X-Served-By: cache-ccu830060-CCU
X-Cache: MISS
X-Cache-Hits: 0
X-Timer: S1774896420.172631,VS0,VE279
Vary: Authorization,Accept-Encoding
Access-Control-Allow-Origin: *
Cross-Origin-Resource-Policy: cross-origin
X-Fastly-Request-ID: 16eaf84009b8e93a5208d07bcf80000f8d225745
Expires: Mon, 30 Mar 2026 18:52:00 GMT
Source-Age: 0

]
[2026-03-31 00:28:45,118: INFO: main: >>>>>>> stage Data Ingestion Stage started <<<<<<<]
[2026-03-31 00:28:45,225: INFO: common: yaml file: config\config.yaml loaded successfully]
[2026-03-31 00:28:45,361: INFO: common: yaml file: params.yaml loaded successfully]
[2026-03-31 00:28:45,529: INFO: common: yaml file: schema.yaml loaded successfully]
[2026-03-31 00:28:45,625: INFO: common: created directory at: artifacts]
[2026-03-31 00:28:45,685: INFO: common: created directory at: artifacts/data_ingestion]
[2026-03-31 00:28:45,753: INFO: Data_ingestion: File already exists of size: ~ 27 KB]
[2026-03-31 00:28:45,829: INFO: main: >>>>>>> stage Data Ingestion Stage completed <<<<<<<

=========================================================================]
[2026-03-31 09:53:50,461: INFO: common: yaml file: config\config.yaml loaded successfully]
[2026-03-31 09:53:50,480: INFO: common: yaml file: params.yaml loaded successfully]
[2026-03-31 09:53:50,496: INFO: common: yaml file: schema.yaml loaded successfully]
[2026-03-31 09:53:50,512: INFO: common: created directory at: artifacts]
[2026-03-31 09:53:50,520: INFO: common: created directory at: artifacts/data_validation]
[2026-03-31 10:40:22,166: INFO: main: >>>>>>> stage Data Ingestion Stage started <<<<<<<]
[2026-03-31 10:40:22,209: INFO: common: yaml file: config\config.yaml loaded successfully]
[2026-03-31 10:40:22,239: INFO: common: yaml file: params.yaml loaded successfully]
[2026-03-31 10:40:22,264: INFO: common: yaml file: schema.yaml loaded successfully]
[2026-03-31 10:40:22,266: INFO: common: created directory at: artifacts]
[2026-03-31 10:40:22,268: INFO: common: created directory at: artifacts/data_ingestion]
[2026-03-31 10:40:22,270: INFO: Data_ingestion: File already exists of size: ~ 27 KB]
[2026-03-31 10:40:22,353: INFO: main: >>>>>>> stage Data Ingestion Stage completed <<<<<<<

=========================================================================]
[2026-03-31 10:40:22,353: INFO: main: >>>>>>> stage Data validation stage started <<<<<<<]
[2026-03-31 10:40:22,368: INFO: common: yaml file: config\config.yaml loaded successfully]
[2026-03-31 10:40:22,380: INFO: common: yaml file: params.yaml loaded successfully]
[2026-03-31 10:40:22,390: INFO: common: yaml file: schema.yaml loaded successfully]
[2026-03-31 10:40:22,394: INFO: common: created directory at: artifacts]
[2026-03-31 10:40:22,397: INFO: common: created directory at: artifacts/data_validation]
[2026-03-31 10:40:22,570: INFO: main: >>>>>>> stage Data validation stage completed <<<<<<<

--------------------------------------------------------------------------]
[2026-04-02 21:05:41,755: INFO: main: >>>>>>> stage Data Ingestion Stage started <<<<<<<]
[2026-04-02 21:05:41,771: INFO: common: yaml file: config\config.yaml loaded successfully]
[2026-04-02 21:05:41,802: INFO: common: yaml file: params.yaml loaded successfully]
[2026-04-02 21:05:41,836: INFO: common: yaml file: schema.yaml loaded successfully]
[2026-04-02 21:05:41,938: INFO: common: created directory at: artifacts]
[2026-04-02 21:05:41,976: INFO: common: created directory at: artifacts/data_ingestion]
[2026-04-02 21:05:41,986: INFO: Data_ingestion: File already exists of size: ~ 27 KB]
[2026-04-02 21:05:42,136: INFO: main: >>>>>>> stage Data Ingestion Stage completed <<<<<<<

=========================================================================]
[2026-04-02 21:05:42,156: INFO: main: >>>>>>> stage Data validation stage started <<<<<<<]
[2026-04-02 21:05:42,226: INFO: common: yaml file: config\config.yaml loaded successfully]
[2026-04-02 21:05:42,277: INFO: common: yaml file: params.yaml loaded successfully]
[2026-04-02 21:05:42,309: INFO: common: yaml file: schema.yaml loaded successfully]
[2026-04-02 21:05:42,309: INFO: common: created directory at: artifacts]
[2026-04-02 21:05:42,320: INFO: common: created directory at: artifacts/data_validation]
[2026-04-02 21:05:42,602: INFO: main: >>>>>>> stage Data validation stage completed <<<<<<<

--------------------------------------------------------------------------]
[2026-04-02 21:23:18,373: INFO: common: yaml file: config\config.yaml loaded successfully]
[2026-04-02 21:23:19,091: INFO: common: yaml file: params.yaml loaded successfully]
[2026-04-02 21:23:19,123: INFO: common: yaml file: schema.yaml loaded successfully]
[2026-04-02 21:23:19,365: INFO: common: created directory at: artifacts]
[2026-04-02 21:27:58,594: INFO: common: yaml file: config\config.yaml loaded successfully]
[2026-04-02 21:27:58,618: INFO: common: yaml file: params.yaml loaded successfully]
[2026-04-02 21:27:58,637: INFO: common: yaml file: schema.yaml loaded successfully]
[2026-04-02 21:27:58,654: INFO: common: created directory at: artifacts]
[2026-04-02 21:32:52,666: INFO: common: yaml file: config\config.yaml loaded successfully]
[2026-04-02 21:32:52,716: INFO: common: yaml file: params.yaml loaded successfully]
[2026-04-02 21:32:52,729: INFO: common: yaml file: schema.yaml loaded successfully]
[2026-04-02 21:32:52,763: INFO: common: created directory at: artifacts]
[2026-04-02 21:32:52,773: INFO: common: created directory at: artifacts/data_transformation]
[2026-04-02 21:32:55,848: INFO: 3425176452: Splited data into training and test sets]
[2026-04-02 21:32:55,848: INFO: 3425176452: (1199, 12)]
[2026-04-02 21:32:55,848: INFO: 3425176452: (400, 12)]
[2026-04-02 21:57:12,211: INFO: main: >>>>>>> stage Data Ingestion Stage started <<<<<<<]
[2026-04-02 21:57:12,220: INFO: common: yaml file: config\config.yaml loaded successfully]
[2026-04-02 21:57:12,227: INFO: common: yaml file: params.yaml loaded successfully]
[2026-04-02 21:57:12,233: INFO: common: yaml file: schema.yaml loaded successfully]
[2026-04-02 21:57:12,235: INFO: common: created directory at: artifacts]
[2026-04-02 21:57:12,235: INFO: common: created directory at: artifacts/data_ingestion]
[2026-04-02 21:57:12,235: INFO: Data_ingestion: File already exists of size: ~ 27 KB]
[2026-04-02 21:57:12,251: INFO: main: >>>>>>> stage Data Ingestion Stage completed <<<<<<<

=========================================================================]
[2026-04-02 21:57:12,251: INFO: main: >>>>>>> stage Data validation stage started <<<<<<<]
[2026-04-02 21:57:12,251: INFO: common: yaml file: config\config.yaml loaded successfully]
[2026-04-02 21:57:12,259: INFO: common: yaml file: params.yaml loaded successfully]
[2026-04-02 21:57:12,267: INFO: common: yaml file: schema.yaml loaded successfully]
[2026-04-02 21:57:12,268: INFO: common: created directory at: artifacts]
[2026-04-02 21:57:12,268: INFO: common: created directory at: artifacts/data_validation]
[2026-04-02 21:57:12,416: INFO: main: >>>>>>> stage Data validation stage completed <<<<<<<

--------------------------------------------------------------------------]
[2026-04-02 21:57:12,421: INFO: main: >>>>>>> stage Data transfromation stage started <<<<<<<]
[2026-04-02 21:57:12,423: INFO: common: yaml file: config\config.yaml loaded successfully]
[2026-04-02 21:57:12,436: INFO: common: yaml file: params.yaml loaded successfully]
[2026-04-02 21:57:12,441: INFO: common: yaml file: schema.yaml loaded successfully]
[2026-04-02 21:57:12,441: INFO: common: created directory at: artifacts]
[2026-04-02 21:57:12,441: INFO: common: created directory at: artifacts/data_transformation]
[2026-04-02 21:57:12,546: INFO: Data_transformation: Splited data into training and test sets]
[2026-04-02 21:57:12,549: INFO: Data_transformation: (1199, 12)]
[2026-04-02 21:57:12,549: INFO: Data_transformation: (400, 12)]
[2026-04-02 21:57:12,553: INFO: main: >>>>>>> stage Data transfromation stage completed <<<<<<<

..........................................................................]
